# JRE version: Java(TM) SE Runtime Environment (18.0.2.1+1) (build 18.0.2.1+1-1)
# Java VM: Java HotSpot(TM) 64-Bit Server VM (18.0.2.1+1-1, mixed mode, sharing, tiered, compressed oops, compressed class ptrs, g1 gc, windows-amd64)
GC Precious Log:
 CardTable entry size: 512
 Card Set container configuration: InlinePtr #cards 4 size 8 Array Of Cards #cards 16 size 48 Howl #buckets 8 coarsen threshold 3686 Howl Bitmap #cards 512 size 80 coarsen threshold 460 Card regions per heap region 1 cards per card region 4096
 CPUs: 16 total, 16 available
 Memory: 15629M
 Large Page Support: Disabled
 NUMA Support: Disabled
 Compressed Oops: Enabled (Zero based)
 Heap Region Size: 2M
 Heap Min Capacity: 8M
 Heap Initial Capacity: 246M
 Heap Max Capacity: 3908M
 Pre-touch: Disabled
 Parallel Workers: 13
 Concurrent Workers: 3
 Concurrent Refinement Workers: 13
 Periodic GC: Disabled
Heap:
 garbage-first heap   total 413696K, used 192485K [0x000000070bc00000, 0x0000000800000000)
  region size 2048K, 42 young (86016K), 12 survivors (24576K)
 Metaspace       used 18074K, committed 18240K, reserved 1114112K
  class space    used 1649K, committed 1728K, reserved 1048576K
GC Heap History (18 events):
Event: 5.956 GC heap before
{Heap before GC invocations=0 (full 0):
 garbage-first heap   total 251904K, used 22528K [0x000000070bc00000, 0x0000000800000000)
  region size 2048K, 11 young (22528K), 0 survivors (0K)
 Metaspace       used 13811K, committed 14016K, reserved 1114112K
  class space    used 1483K, committed 1600K, reserved 1048576K
}
Event: 5.959 GC heap after
{Heap after GC invocations=1 (full 0):
 garbage-first heap   total 251904K, used 4096K [0x000000070bc00000, 0x0000000800000000)
  region size 2048K, 2 young (4096K), 2 survivors (4096K)
 Metaspace       used 13811K, committed 14016K, reserved 1114112K
  class space    used 1483K, committed 1600K, reserved 1048576K
}
Event: 6.410 GC heap before
{Heap before GC invocations=1 (full 0):
 garbage-first heap   total 251904K, used 34816K [0x000000070bc00000, 0x0000000800000000)
  region size 2048K, 17 young (34816K), 2 survivors (4096K)
 Metaspace       used 16017K, committed 16256K, reserved 1114112K
  class space    used 1566K, committed 1664K, reserved 1048576K
}
Event: 6.419 GC heap after
{Heap after GC invocations=2 (full 0):
 garbage-first heap   total 251904K, used 28178K [0x000000070bc00000, 0x0000000800000000)
  region size 2048K, 3 young (6144K), 3 survivors (6144K)
 Metaspace       used 16017K, committed 16256K, reserved 1114112K
  class space    used 1566K, committed 1664K, reserved 1048576K
}
Event: 6.607 GC heap before
{Heap before GC invocations=2 (full 0):
 garbage-first heap   total 251904K, used 179730K [0x000000070bc00000, 0x0000000800000000)
  region size 2048K, 73 young (149504K), 3 survivors (6144K)
 Metaspace       used 16067K, committed 16256K, reserved 1114112K
  class space    used 1566K, committed 1664K, reserved 1048576K
}
Event: 6.618 GC heap after
{Heap after GC invocations=3 (full 0):
 garbage-first heap   total 251904K, used 74187K [0x000000070bc00000, 0x0000000800000000)
  region size 2048K, 10 young (20480K), 10 survivors (20480K)
 Metaspace       used 16067K, committed 16256K, reserved 1114112K
  class space    used 1566K, committed 1664K, reserved 1048576K
}
Event: 6.690 GC heap before
{Heap before GC invocations=3 (full 0):
 garbage-first heap   total 251904K, used 182731K [0x000000070bc00000, 0x0000000800000000)
  region size 2048K, 63 young (129024K), 10 survivors (20480K)
 Metaspace       used 16070K, committed 16256K, reserved 1114112K
  class space    used 1567K, committed 1664K, reserved 1048576K
}
Event: 6.699 GC heap after
{Heap after GC invocations=4 (full 0):
 garbage-first heap   total 251904K, used 79714K [0x000000070bc00000, 0x0000000800000000)
  region size 2048K, 3 young (6144K), 3 survivors (6144K)
 Metaspace       used 16070K, committed 16256K, reserved 1114112K
  class space    used 1567K, committed 1664K, reserved 1048576K
}
Event: 6.746 GC heap before
{Heap before GC invocations=4 (full 0):
 garbage-first heap   total 251904K, used 188258K [0x000000070bc00000, 0x0000000800000000)
  region size 2048K, 56 young (114688K), 3 survivors (6144K)
 Metaspace       used 16070K, committed 16256K, reserved 1114112K
  class space    used 1567K, committed 1664K, reserved 1048576K
}
Event: 6.748 GC heap after
{Heap after GC invocations=5 (full 0):
 garbage-first heap   total 251904K, used 81603K [0x000000070bc00000, 0x0000000800000000)
  region size 2048K, 4 young (8192K), 4 survivors (8192K)
 Metaspace       used 16070K, committed 16256K, reserved 1114112K
  class space    used 1567K, committed 1664K, reserved 1048576K
}
Event: 6.793 GC heap before
{Heap before GC invocations=5 (full 0):
 garbage-first heap   total 251904K, used 192195K [0x000000070bc00000, 0x0000000800000000)
  region size 2048K, 58 young (118784K), 4 survivors (8192K)
 Metaspace       used 16070K, committed 16256K, reserved 1114112K
  class space    used 1567K, committed 1664K, reserved 1048576K
}
Event: 6.796 GC heap after
{Heap after GC invocations=6 (full 0):
 garbage-first heap   total 413696K, used 83713K [0x000000070bc00000, 0x0000000800000000)
  region size 2048K, 5 young (10240K), 5 survivors (10240K)
 Metaspace       used 16070K, committed 16256K, reserved 1114112K
  class space    used 1567K, committed 1664K, reserved 1048576K
}
Event: 6.969 GC heap before
{Heap before GC invocations=6 (full 0):
 garbage-first heap   total 413696K, used 259841K [0x000000070bc00000, 0x0000000800000000)
  region size 2048K, 91 young (186368K), 5 survivors (10240K)
 Metaspace       used 16103K, committed 16320K, reserved 1114112K
  class space    used 1568K, committed 1664K, reserved 1048576K
}
Event: 6.972 GC heap after
{Heap after GC invocations=7 (full 0):
 garbage-first heap   total 413696K, used 88280K [0x000000070bc00000, 0x0000000800000000)
  region size 2048K, 7 young (14336K), 7 survivors (14336K)
 Metaspace       used 16103K, committed 16320K, reserved 1114112K
  class space    used 1568K, committed 1664K, reserved 1048576K
}
Event: 7.088 GC heap before
{Heap before GC invocations=7 (full 0):
 garbage-first heap   total 413696K, used 311512K [0x000000070bc00000, 0x0000000800000000)
  region size 2048K, 115 young (235520K), 7 survivors (14336K)
 Metaspace       used 16103K, committed 16320K, reserved 1114112K
  class space    used 1568K, committed 1664K, reserved 1048576K
}
Event: 7.096 GC heap after
{Heap after GC invocations=8 (full 0):
 garbage-first heap   total 413696K, used 98789K [0x000000070bc00000, 0x0000000800000000)
  region size 2048K, 11 young (22528K), 11 survivors (22528K)
 Metaspace       used 16103K, committed 16320K, reserved 1114112K
  class space    used 1568K, committed 1664K, reserved 1048576K
}
Event: 7.215 GC heap before
{Heap before GC invocations=8 (full 0):
 garbage-first heap   total 413696K, used 322021K [0x000000070bc00000, 0x0000000800000000)
  region size 2048K, 116 young (237568K), 11 survivors (22528K)
 Metaspace       used 16107K, committed 16320K, reserved 1114112K
  class space    used 1569K, committed 1664K, reserved 1048576K
}
Event: 7.227 GC heap after
{Heap after GC invocations=9 (full 0):
 garbage-first heap   total 413696K, used 114661K [0x000000070bc00000, 0x0000000800000000)
  region size 2048K, 12 young (24576K), 12 survivors (24576K)
 Metaspace       used 16107K, committed 16320K, reserved 1114112K
  class space    used 1569K, committed 1664K, reserved 1048576K
}

