# JRE version: Java(TM) SE Runtime Environment (18.0.2.1+1) (build 18.0.2.1+1-1)
# Java VM: Java HotSpot(TM) 64-Bit Server VM (18.0.2.1+1-1, mixed mode, sharing, tiered, compressed oops, compressed class ptrs, g1 gc, windows-amd64)
GC Precious Log:
 CardTable entry size: 512
 Card Set container configuration: InlinePtr #cards 4 size 8 Array Of Cards #cards 16 size 48 Howl #buckets 8 coarsen threshold 3686 Howl Bitmap #cards 512 size 80 coarsen threshold 460 Card regions per heap region 1 cards per card region 4096
 CPUs: 16 total, 16 available
 Memory: 15629M
 Large Page Support: Disabled
 NUMA Support: Disabled
 Compressed Oops: Enabled (Zero based)
 Heap Region Size: 2M
 Heap Min Capacity: 8M
 Heap Initial Capacity: 246M
 Heap Max Capacity: 3908M
 Pre-touch: Disabled
 Parallel Workers: 13
 Concurrent Workers: 3
 Concurrent Refinement Workers: 13
 Periodic GC: Disabled
Heap:
 garbage-first heap   total 546816K, used 338696K [0x000000070bc00000, 0x0000000800000000)
  region size 2048K, 116 young (237568K), 13 survivors (26624K)
 Metaspace       used 16663K, committed 16896K, reserved 1114112K
  class space    used 1599K, committed 1664K, reserved 1048576K
GC Heap History (18 events):
Event: 5.447 GC heap before
{Heap before GC invocations=0 (full 0):
 garbage-first heap   total 251904K, used 22528K [0x000000070bc00000, 0x0000000800000000)
  region size 2048K, 11 young (22528K), 0 survivors (0K)
 Metaspace       used 12149K, committed 12352K, reserved 1114112K
  class space    used 1366K, committed 1472K, reserved 1048576K
}
Event: 5.450 GC heap after
{Heap after GC invocations=1 (full 0):
 garbage-first heap   total 251904K, used 4521K [0x000000070bc00000, 0x0000000800000000)
  region size 2048K, 2 young (4096K), 2 survivors (4096K)
 Metaspace       used 12149K, committed 12352K, reserved 1114112K
  class space    used 1366K, committed 1472K, reserved 1048576K
}
Event: 7.434 GC heap before
{Heap before GC invocations=1 (full 0):
 garbage-first heap   total 251904K, used 31145K [0x000000070bc00000, 0x0000000800000000)
  region size 2048K, 16 young (32768K), 2 survivors (4096K)
 Metaspace       used 16231K, committed 16448K, reserved 1114112K
  class space    used 1565K, committed 1664K, reserved 1048576K
}
Event: 7.440 GC heap after
{Heap after GC invocations=2 (full 0):
 garbage-first heap   total 251904K, used 20602K [0x000000070bc00000, 0x0000000800000000)
  region size 2048K, 2 young (4096K), 2 survivors (4096K)
 Metaspace       used 16231K, committed 16448K, reserved 1114112K
  class space    used 1565K, committed 1664K, reserved 1048576K
}
Event: 7.565 GC heap before
{Heap before GC invocations=2 (full 0):
 garbage-first heap   total 251904K, used 98426K [0x000000070bc00000, 0x0000000800000000)
  region size 2048K, 35 young (71680K), 2 survivors (4096K)
 Metaspace       used 16276K, committed 16512K, reserved 1114112K
  class space    used 1565K, committed 1664K, reserved 1048576K
}
Event: 7.623 GC heap after
{Heap after GC invocations=3 (full 0):
 garbage-first heap   total 251904K, used 73174K [0x000000070bc00000, 0x0000000800000000)
  region size 2048K, 5 young (10240K), 5 survivors (10240K)
 Metaspace       used 16276K, committed 16512K, reserved 1114112K
  class space    used 1565K, committed 1664K, reserved 1048576K
}
Event: 7.662 GC heap before
{Heap before GC invocations=3 (full 0):
 garbage-first heap   total 251904K, used 116182K [0x000000070bc00000, 0x0000000800000000)
  region size 2048K, 26 young (53248K), 5 survivors (10240K)
 Metaspace       used 16276K, committed 16512K, reserved 1114112K
  class space    used 1565K, committed 1664K, reserved 1048576K
}
Event: 7.674 GC heap after
{Heap after GC invocations=4 (full 0):
 garbage-first heap   total 251904K, used 77656K [0x000000070bc00000, 0x0000000800000000)
  region size 2048K, 1 young (2048K), 1 survivors (2048K)
 Metaspace       used 16276K, committed 16512K, reserved 1114112K
  class space    used 1565K, committed 1664K, reserved 1048576K
}
Event: 7.712 GC heap before
{Heap before GC invocations=4 (full 0):
 garbage-first heap   total 251904K, used 132952K [0x000000070bc00000, 0x0000000800000000)
  region size 2048K, 28 young (57344K), 1 survivors (2048K)
 Metaspace       used 16281K, committed 16512K, reserved 1114112K
  class space    used 1565K, committed 1664K, reserved 1048576K
}
Event: 7.713 GC heap after
{Heap after GC invocations=5 (full 0):
 garbage-first heap   total 251904K, used 78305K [0x000000070bc00000, 0x0000000800000000)
  region size 2048K, 2 young (4096K), 2 survivors (4096K)
 Metaspace       used 16281K, committed 16512K, reserved 1114112K
  class space    used 1565K, committed 1664K, reserved 1048576K
}
Event: 7.773 GC heap before
{Heap before GC invocations=5 (full 0):
 garbage-first heap   total 251904K, used 143841K [0x000000070bc00000, 0x0000000800000000)
  region size 2048K, 34 young (69632K), 2 survivors (4096K)
 Metaspace       used 16284K, committed 16512K, reserved 1114112K
  class space    used 1566K, committed 1664K, reserved 1048576K
}
Event: 7.775 GC heap after
{Heap after GC invocations=6 (full 0):
 garbage-first heap   total 251904K, used 79572K [0x000000070bc00000, 0x0000000800000000)
  region size 2048K, 2 young (4096K), 2 survivors (4096K)
 Metaspace       used 16284K, committed 16512K, reserved 1114112K
  class space    used 1566K, committed 1664K, reserved 1048576K
}
Event: 7.809 GC heap before
{Heap before GC invocations=6 (full 0):
 garbage-first heap   total 251904K, used 151252K [0x000000070bc00000, 0x0000000800000000)
  region size 2048K, 37 young (75776K), 2 survivors (4096K)
 Metaspace       used 16284K, committed 16512K, reserved 1114112K
  class space    used 1566K, committed 1664K, reserved 1048576K
}
Event: 7.812 GC heap after
{Heap after GC invocations=7 (full 0):
 garbage-first heap   total 546816K, used 81432K [0x000000070bc00000, 0x0000000800000000)
  region size 2048K, 3 young (6144K), 3 survivors (6144K)
 Metaspace       used 16284K, committed 16512K, reserved 1114112K
  class space    used 1566K, committed 1664K, reserved 1048576K
}
Event: 8.261 GC heap before
{Heap before GC invocations=7 (full 0):
 garbage-first heap   total 546816K, used 402968K [0x000000070bc00000, 0x0000000800000000)
  region size 2048K, 160 young (327680K), 3 survivors (6144K)
 Metaspace       used 16288K, committed 16512K, reserved 1114112K
  class space    used 1567K, committed 1664K, reserved 1048576K
}
Event: 8.264 GC heap after
{Heap after GC invocations=8 (full 0):
 garbage-first heap   total 546816K, used 89248K [0x000000070bc00000, 0x0000000800000000)
  region size 2048K, 7 young (14336K), 7 survivors (14336K)
 Metaspace       used 16288K, committed 16512K, reserved 1114112K
  class space    used 1567K, committed 1664K, reserved 1048576K
}
Event: 8.442 GC heap before
{Heap before GC invocations=8 (full 0):
 garbage-first heap   total 546816K, used 408736K [0x000000070bc00000, 0x0000000800000000)
  region size 2048K, 160 young (327680K), 7 survivors (14336K)
 Metaspace       used 16321K, committed 16576K, reserved 1114112K
  class space    used 1568K, committed 1664K, reserved 1048576K
}
Event: 8.453 GC heap after
{Heap after GC invocations=9 (full 0):
 garbage-first heap   total 546816K, used 107272K [0x000000070bc00000, 0x0000000800000000)
  region size 2048K, 13 young (26624K), 13 survivors (26624K)
 Metaspace       used 16321K, committed 16576K, reserved 1114112K
  class space    used 1568K, committed 1664K, reserved 1048576K
}

