# JRE version: Java(TM) SE Runtime Environment (18.0.2.1+1) (build 18.0.2.1+1-1)
# Java VM: Java HotSpot(TM) 64-Bit Server VM (18.0.2.1+1-1, mixed mode, sharing, tiered, compressed oops, compressed class ptrs, g1 gc, windows-amd64)
GC Precious Log:
 CardTable entry size: 512
 Card Set container configuration: InlinePtr #cards 4 size 8 Array Of Cards #cards 16 size 48 Howl #buckets 8 coarsen threshold 3686 Howl Bitmap #cards 512 size 80 coarsen threshold 460 Card regions per heap region 1 cards per card region 4096
 CPUs: 16 total, 16 available
 Memory: 15629M
 Large Page Support: Disabled
 NUMA Support: Disabled
 Compressed Oops: Enabled (Zero based)
 Heap Region Size: 2M
 Heap Min Capacity: 8M
 Heap Initial Capacity: 246M
 Heap Max Capacity: 3908M
 Pre-touch: Disabled
 Parallel Workers: 13
 Concurrent Workers: 3
 Concurrent Refinement Workers: 13
 Periodic GC: Disabled
Heap:
 garbage-first heap   total 444416K, used 299238K [0x000000070bc00000, 0x0000000800000000)
  region size 2048K, 98 young (200704K), 14 survivors (28672K)
 Metaspace       used 16471K, committed 16704K, reserved 1114112K
  class space    used 1601K, committed 1664K, reserved 1048576K
GC Heap History (18 events):
Event: 7.995 GC heap before
{Heap before GC invocations=0 (full 0):
 garbage-first heap   total 251904K, used 22528K [0x000000070bc00000, 0x0000000800000000)
  region size 2048K, 11 young (22528K), 0 survivors (0K)
 Metaspace       used 14060K, committed 14272K, reserved 1114112K
  class space    used 1501K, committed 1600K, reserved 1048576K
}
Event: 8.001 GC heap after
{Heap after GC invocations=1 (full 0):
 garbage-first heap   total 251904K, used 4096K [0x000000070bc00000, 0x0000000800000000)
  region size 2048K, 2 young (4096K), 2 survivors (4096K)
 Metaspace       used 14060K, committed 14272K, reserved 1114112K
  class space    used 1501K, committed 1600K, reserved 1048576K
}
Event: 8.252 GC heap before
{Heap before GC invocations=1 (full 0):
 garbage-first heap   total 251904K, used 34816K [0x000000070bc00000, 0x0000000800000000)
  region size 2048K, 17 young (34816K), 2 survivors (4096K)
 Metaspace       used 16045K, committed 16256K, reserved 1114112K
  class space    used 1567K, committed 1664K, reserved 1048576K
}
Event: 8.269 GC heap after
{Heap after GC invocations=2 (full 0):
 garbage-first heap   total 251904K, used 29240K [0x000000070bc00000, 0x0000000800000000)
  region size 2048K, 3 young (6144K), 3 survivors (6144K)
 Metaspace       used 16045K, committed 16256K, reserved 1114112K
  class space    used 1567K, committed 1664K, reserved 1048576K
}
Event: 8.397 GC heap before
{Heap before GC invocations=2 (full 0):
 garbage-first heap   total 251904K, used 96824K [0x000000070bc00000, 0x0000000800000000)
  region size 2048K, 32 young (65536K), 3 survivors (6144K)
 Metaspace       used 16085K, committed 16256K, reserved 1114112K
  class space    used 1567K, committed 1664K, reserved 1048576K
}
Event: 8.416 GC heap after
{Heap after GC invocations=3 (full 0):
 garbage-first heap   total 251904K, used 73131K [0x000000070bc00000, 0x0000000800000000)
  region size 2048K, 4 young (8192K), 4 survivors (8192K)
 Metaspace       used 16085K, committed 16256K, reserved 1114112K
  class space    used 1567K, committed 1664K, reserved 1048576K
}
Event: 8.482 GC heap before
{Heap before GC invocations=3 (full 0):
 garbage-first heap   total 251904K, used 112043K [0x000000070bc00000, 0x0000000800000000)
  region size 2048K, 23 young (47104K), 4 survivors (8192K)
 Metaspace       used 16085K, committed 16256K, reserved 1114112K
  class space    used 1567K, committed 1664K, reserved 1048576K
}
Event: 8.486 GC heap after
{Heap after GC invocations=4 (full 0):
 garbage-first heap   total 251904K, used 77555K [0x000000070bc00000, 0x0000000800000000)
  region size 2048K, 1 young (2048K), 1 survivors (2048K)
 Metaspace       used 16085K, committed 16256K, reserved 1114112K
  class space    used 1567K, committed 1664K, reserved 1048576K
}
Event: 8.542 GC heap before
{Heap before GC invocations=4 (full 0):
 garbage-first heap   total 251904K, used 130803K [0x000000070bc00000, 0x0000000800000000)
  region size 2048K, 28 young (57344K), 1 survivors (2048K)
 Metaspace       used 16090K, committed 16256K, reserved 1114112K
  class space    used 1567K, committed 1664K, reserved 1048576K
}
Event: 8.543 GC heap after
{Heap after GC invocations=5 (full 0):
 garbage-first heap   total 251904K, used 78144K [0x000000070bc00000, 0x0000000800000000)
  region size 2048K, 2 young (4096K), 2 survivors (4096K)
 Metaspace       used 16090K, committed 16256K, reserved 1114112K
  class space    used 1567K, committed 1664K, reserved 1048576K
}
Event: 8.619 GC heap before
{Heap before GC invocations=5 (full 0):
 garbage-first heap   total 251904K, used 139584K [0x000000070bc00000, 0x0000000800000000)
  region size 2048K, 33 young (67584K), 2 survivors (4096K)
 Metaspace       used 16094K, committed 16256K, reserved 1114112K
  class space    used 1568K, committed 1664K, reserved 1048576K
}
Event: 8.622 GC heap after
{Heap after GC invocations=6 (full 0):
 garbage-first heap   total 444416K, used 79570K [0x000000070bc00000, 0x0000000800000000)
  region size 2048K, 2 young (4096K), 2 survivors (4096K)
 Metaspace       used 16094K, committed 16256K, reserved 1114112K
  class space    used 1568K, committed 1664K, reserved 1048576K
}
Event: 8.827 GC heap before
{Heap before GC invocations=6 (full 0):
 garbage-first heap   total 444416K, used 327378K [0x000000070bc00000, 0x0000000800000000)
  region size 2048K, 123 young (251904K), 2 survivors (4096K)
 Metaspace       used 16094K, committed 16256K, reserved 1114112K
  class space    used 1568K, committed 1664K, reserved 1048576K
}
Event: 8.831 GC heap after
{Heap after GC invocations=7 (full 0):
 garbage-first heap   total 444416K, used 85564K [0x000000070bc00000, 0x0000000800000000)
  region size 2048K, 5 young (10240K), 5 survivors (10240K)
 Metaspace       used 16094K, committed 16256K, reserved 1114112K
  class space    used 1568K, committed 1664K, reserved 1048576K
}
Event: 8.989 GC heap before
{Heap before GC invocations=7 (full 0):
 garbage-first heap   total 444416K, used 335420K [0x000000070bc00000, 0x0000000800000000)
  region size 2048K, 127 young (260096K), 5 survivors (10240K)
 Metaspace       used 16126K, committed 16384K, reserved 1114112K
  class space    used 1569K, committed 1664K, reserved 1048576K
}
Event: 8.997 GC heap after
{Heap after GC invocations=8 (full 0):
 garbage-first heap   total 444416K, used 94129K [0x000000070bc00000, 0x0000000800000000)
  region size 2048K, 9 young (18432K), 9 survivors (18432K)
 Metaspace       used 16126K, committed 16384K, reserved 1114112K
  class space    used 1569K, committed 1664K, reserved 1048576K
}
Event: 9.177 GC heap before
{Heap before GC invocations=8 (full 0):
 garbage-first heap   total 444416K, used 348081K [0x000000070bc00000, 0x0000000800000000)
  region size 2048K, 130 young (266240K), 9 survivors (18432K)
 Metaspace       used 16130K, committed 16384K, reserved 1114112K
  class space    used 1571K, committed 1664K, reserved 1048576K
}
Event: 9.193 GC heap after
{Heap after GC invocations=9 (full 0):
 garbage-first heap   total 444416K, used 108774K [0x000000070bc00000, 0x0000000800000000)
  region size 2048K, 14 young (28672K), 14 survivors (28672K)
 Metaspace       used 16130K, committed 16384K, reserved 1114112K
  class space    used 1571K, committed 1664K, reserved 1048576K
}

