# JRE version: Java(TM) SE Runtime Environment (18.0.2.1+1) (build 18.0.2.1+1-1)
# Java VM: Java HotSpot(TM) 64-Bit Server VM (18.0.2.1+1-1, mixed mode, sharing, tiered, compressed oops, compressed class ptrs, g1 gc, windows-amd64)
GC Precious Log:
 CardTable entry size: 512
 Card Set container configuration: InlinePtr #cards 4 size 8 Array Of Cards #cards 16 size 48 Howl #buckets 8 coarsen threshold 3686 Howl Bitmap #cards 512 size 80 coarsen threshold 460 Card regions per heap region 1 cards per card region 4096
 CPUs: 16 total, 16 available
 Memory: 15629M
 Large Page Support: Disabled
 NUMA Support: Disabled
 Compressed Oops: Enabled (Zero based)
 Heap Region Size: 2M
 Heap Min Capacity: 8M
 Heap Initial Capacity: 246M
 Heap Max Capacity: 3908M
 Pre-touch: Disabled
 Parallel Workers: 13
 Concurrent Workers: 3
 Concurrent Refinement Workers: 13
 Periodic GC: Disabled
Heap:
 garbage-first heap   total 450560K, used 313374K [0x000000070bc00000, 0x0000000800000000)
  region size 2048K, 105 young (215040K), 14 survivors (28672K)
 Metaspace       used 18475K, committed 18752K, reserved 1114112K
  class space    used 1664K, committed 1792K, reserved 1048576K
GC Heap History (18 events):
Event: 7.451 GC heap before
{Heap before GC invocations=0 (full 0):
 garbage-first heap   total 251904K, used 22528K [0x000000070bc00000, 0x0000000800000000)
  region size 2048K, 11 young (22528K), 0 survivors (0K)
 Metaspace       used 14255K, committed 14464K, reserved 1114112K
  class space    used 1523K, committed 1600K, reserved 1048576K
}
Event: 7.458 GC heap after
{Heap after GC invocations=1 (full 0):
 garbage-first heap   total 251904K, used 4200K [0x000000070bc00000, 0x0000000800000000)
  region size 2048K, 2 young (4096K), 2 survivors (4096K)
 Metaspace       used 14255K, committed 14464K, reserved 1114112K
  class space    used 1523K, committed 1600K, reserved 1048576K
}
Event: 7.680 GC heap before
{Heap before GC invocations=1 (full 0):
 garbage-first heap   total 251904K, used 32872K [0x000000070bc00000, 0x0000000800000000)
  region size 2048K, 16 young (32768K), 2 survivors (4096K)
 Metaspace       used 16154K, committed 16384K, reserved 1114112K
  class space    used 1580K, committed 1664K, reserved 1048576K
}
Event: 7.694 GC heap after
{Heap after GC invocations=2 (full 0):
 garbage-first heap   total 251904K, used 27288K [0x000000070bc00000, 0x0000000800000000)
  region size 2048K, 2 young (4096K), 2 survivors (4096K)
 Metaspace       used 16154K, committed 16384K, reserved 1114112K
  class space    used 1580K, committed 1664K, reserved 1048576K
}
Event: 7.838 GC heap before
{Heap before GC invocations=2 (full 0):
 garbage-first heap   total 251904K, used 94872K [0x000000070bc00000, 0x0000000800000000)
  region size 2048K, 31 young (63488K), 2 survivors (4096K)
 Metaspace       used 16199K, committed 16448K, reserved 1114112K
  class space    used 1580K, committed 1664K, reserved 1048576K
}
Event: 7.857 GC heap after
{Heap after GC invocations=3 (full 0):
 garbage-first heap   total 251904K, used 73144K [0x000000070bc00000, 0x0000000800000000)
  region size 2048K, 4 young (8192K), 4 survivors (8192K)
 Metaspace       used 16199K, committed 16448K, reserved 1114112K
  class space    used 1580K, committed 1664K, reserved 1048576K
}
Event: 7.925 GC heap before
{Heap before GC invocations=3 (full 0):
 garbage-first heap   total 251904K, used 114104K [0x000000070bc00000, 0x0000000800000000)
  region size 2048K, 24 young (49152K), 4 survivors (8192K)
 Metaspace       used 16199K, committed 16448K, reserved 1114112K
  class space    used 1580K, committed 1664K, reserved 1048576K
}
Event: 7.930 GC heap after
{Heap after GC invocations=4 (full 0):
 garbage-first heap   total 251904K, used 77265K [0x000000070bc00000, 0x0000000800000000)
  region size 2048K, 1 young (2048K), 1 survivors (2048K)
 Metaspace       used 16199K, committed 16448K, reserved 1114112K
  class space    used 1580K, committed 1664K, reserved 1048576K
}
Event: 7.979 GC heap before
{Heap before GC invocations=4 (full 0):
 garbage-first heap   total 251904K, used 130513K [0x000000070bc00000, 0x0000000800000000)
  region size 2048K, 28 young (57344K), 1 survivors (2048K)
 Metaspace       used 16204K, committed 16448K, reserved 1114112K
  class space    used 1580K, committed 1664K, reserved 1048576K
}
Event: 7.981 GC heap after
{Heap after GC invocations=5 (full 0):
 garbage-first heap   total 251904K, used 77920K [0x000000070bc00000, 0x0000000800000000)
  region size 2048K, 2 young (4096K), 2 survivors (4096K)
 Metaspace       used 16204K, committed 16448K, reserved 1114112K
  class space    used 1580K, committed 1664K, reserved 1048576K
}
Event: 8.058 GC heap before
{Heap before GC invocations=5 (full 0):
 garbage-first heap   total 251904K, used 141408K [0x000000070bc00000, 0x0000000800000000)
  region size 2048K, 33 young (67584K), 2 survivors (4096K)
 Metaspace       used 16208K, committed 16448K, reserved 1114112K
  class space    used 1581K, committed 1664K, reserved 1048576K
}
Event: 8.062 GC heap after
{Heap after GC invocations=6 (full 0):
 garbage-first heap   total 450560K, used 79302K [0x000000070bc00000, 0x0000000800000000)
  region size 2048K, 2 young (4096K), 2 survivors (4096K)
 Metaspace       used 16208K, committed 16448K, reserved 1114112K
  class space    used 1581K, committed 1664K, reserved 1048576K
}
Event: 8.487 GC heap before
{Heap before GC invocations=6 (full 0):
 garbage-first heap   total 450560K, used 333254K [0x000000070bc00000, 0x0000000800000000)
  region size 2048K, 126 young (258048K), 2 survivors (4096K)
 Metaspace       used 16211K, committed 16448K, reserved 1114112K
  class space    used 1582K, committed 1664K, reserved 1048576K
}
Event: 8.491 GC heap after
{Heap after GC invocations=7 (full 0):
 garbage-first heap   total 450560K, used 85669K [0x000000070bc00000, 0x0000000800000000)
  region size 2048K, 5 young (10240K), 5 survivors (10240K)
 Metaspace       used 16211K, committed 16448K, reserved 1114112K
  class space    used 1582K, committed 1664K, reserved 1048576K
}
Event: 8.665 GC heap before
{Heap before GC invocations=7 (full 0):
 garbage-first heap   total 450560K, used 339621K [0x000000070bc00000, 0x0000000800000000)
  region size 2048K, 129 young (264192K), 5 survivors (10240K)
 Metaspace       used 16245K, committed 16448K, reserved 1114112K
  class space    used 1584K, committed 1664K, reserved 1048576K
}
Event: 8.675 GC heap after
{Heap after GC invocations=8 (full 0):
 garbage-first heap   total 450560K, used 93356K [0x000000070bc00000, 0x0000000800000000)
  region size 2048K, 9 young (18432K), 9 survivors (18432K)
 Metaspace       used 16245K, committed 16448K, reserved 1114112K
  class space    used 1584K, committed 1664K, reserved 1048576K
}
Event: 8.858 GC heap before
{Heap before GC invocations=8 (full 0):
 garbage-first heap   total 450560K, used 351404K [0x000000070bc00000, 0x0000000800000000)
  region size 2048K, 132 young (270336K), 9 survivors (18432K)
 Metaspace       used 16245K, committed 16448K, reserved 1114112K
  class space    used 1584K, committed 1664K, reserved 1048576K
}
Event: 8.883 GC heap after
{Heap after GC invocations=9 (full 0):
 garbage-first heap   total 450560K, used 108574K [0x000000070bc00000, 0x0000000800000000)
  region size 2048K, 14 young (28672K), 14 survivors (28672K)
 Metaspace       used 16245K, committed 16448K, reserved 1114112K
  class space    used 1584K, committed 1664K, reserved 1048576K
}

