# JRE version: Java(TM) SE Runtime Environment (18.0.2.1+1) (build 18.0.2.1+1-1)
# Java VM: Java HotSpot(TM) 64-Bit Server VM (18.0.2.1+1-1, mixed mode, sharing, tiered, compressed oops, compressed class ptrs, g1 gc, windows-amd64)
GC Precious Log:
 CardTable entry size: 512
 Card Set container configuration: InlinePtr #cards 4 size 8 Array Of Cards #cards 16 size 48 Howl #buckets 8 coarsen threshold 3686 Howl Bitmap #cards 512 size 80 coarsen threshold 460 Card regions per heap region 1 cards per card region 4096
 CPUs: 16 total, 16 available
 Memory: 15629M
 Large Page Support: Disabled
 NUMA Support: Disabled
 Compressed Oops: Enabled (Zero based)
 Heap Region Size: 2M
 Heap Min Capacity: 8M
 Heap Initial Capacity: 246M
 Heap Max Capacity: 3908M
 Pre-touch: Disabled
 Parallel Workers: 13
 Concurrent Workers: 3
 Concurrent Refinement Workers: 13
 Periodic GC: Disabled
Heap:
 garbage-first heap   total 401408K, used 228572K [0x000000070bc00000, 0x0000000800000000)
  region size 2048K, 59 young (120832K), 12 survivors (24576K)
 Metaspace       used 16761K, committed 17088K, reserved 1114112K
  class space    used 1615K, committed 1792K, reserved 1048576K
GC Heap History (18 events):
Event: 10.507 GC heap before
{Heap before GC invocations=0 (full 0):
 garbage-first heap   total 251904K, used 22528K [0x000000070bc00000, 0x0000000800000000)
  region size 2048K, 11 young (22528K), 0 survivors (0K)
 Metaspace       used 13132K, committed 13312K, reserved 1114112K
  class space    used 1451K, committed 1536K, reserved 1048576K
}
Event: 10.510 GC heap after
{Heap after GC invocations=1 (full 0):
 garbage-first heap   total 251904K, used 4113K [0x000000070bc00000, 0x0000000800000000)
  region size 2048K, 2 young (4096K), 2 survivors (4096K)
 Metaspace       used 13132K, committed 13312K, reserved 1114112K
  class space    used 1451K, committed 1536K, reserved 1048576K
}
Event: 10.978 GC heap before
{Heap before GC invocations=1 (full 0):
 garbage-first heap   total 251904K, used 36881K [0x000000070bc00000, 0x0000000800000000)
  region size 2048K, 17 young (34816K), 2 survivors (4096K)
 Metaspace       used 16307K, committed 16512K, reserved 1114112K
  class space    used 1580K, committed 1664K, reserved 1048576K
}
Event: 10.987 GC heap after
{Heap after GC invocations=2 (full 0):
 garbage-first heap   total 251904K, used 26672K [0x000000070bc00000, 0x0000000800000000)
  region size 2048K, 3 young (6144K), 3 survivors (6144K)
 Metaspace       used 16307K, committed 16512K, reserved 1114112K
  class space    used 1580K, committed 1664K, reserved 1048576K
}
Event: 11.173 GC heap before
{Heap before GC invocations=2 (full 0):
 garbage-first heap   total 251904K, used 176176K [0x000000070bc00000, 0x0000000800000000)
  region size 2048K, 72 young (147456K), 3 survivors (6144K)
 Metaspace       used 16358K, committed 16576K, reserved 1114112K
  class space    used 1580K, committed 1664K, reserved 1048576K
}
Event: 11.186 GC heap after
{Heap after GC invocations=3 (full 0):
 garbage-first heap   total 251904K, used 74568K [0x000000070bc00000, 0x0000000800000000)
  region size 2048K, 9 young (18432K), 9 survivors (18432K)
 Metaspace       used 16358K, committed 16576K, reserved 1114112K
  class space    used 1580K, committed 1664K, reserved 1048576K
}
Event: 11.263 GC heap before
{Heap before GC invocations=3 (full 0):
 garbage-first heap   total 251904K, used 181064K [0x000000070bc00000, 0x0000000800000000)
  region size 2048K, 61 young (124928K), 9 survivors (18432K)
 Metaspace       used 16362K, committed 16576K, reserved 1114112K
  class space    used 1581K, committed 1664K, reserved 1048576K
}
Event: 11.270 GC heap after
{Heap after GC invocations=4 (full 0):
 garbage-first heap   total 251904K, used 81871K [0x000000070bc00000, 0x0000000800000000)
  region size 2048K, 3 young (6144K), 3 survivors (6144K)
 Metaspace       used 16362K, committed 16576K, reserved 1114112K
  class space    used 1581K, committed 1664K, reserved 1048576K
}
Event: 11.315 GC heap before
{Heap before GC invocations=4 (full 0):
 garbage-first heap   total 251904K, used 188367K [0x000000070bc00000, 0x0000000800000000)
  region size 2048K, 55 young (112640K), 3 survivors (6144K)
 Metaspace       used 16362K, committed 16576K, reserved 1114112K
  class space    used 1581K, committed 1664K, reserved 1048576K
}
Event: 11.318 GC heap after
{Heap after GC invocations=5 (full 0):
 garbage-first heap   total 251904K, used 83183K [0x000000070bc00000, 0x0000000800000000)
  region size 2048K, 3 young (6144K), 3 survivors (6144K)
 Metaspace       used 16362K, committed 16576K, reserved 1114112K
  class space    used 1581K, committed 1664K, reserved 1048576K
}
Event: 11.363 GC heap before
{Heap before GC invocations=5 (full 0):
 garbage-first heap   total 251904K, used 191727K [0x000000070bc00000, 0x0000000800000000)
  region size 2048K, 56 young (114688K), 3 survivors (6144K)
 Metaspace       used 16362K, committed 16576K, reserved 1114112K
  class space    used 1581K, committed 1664K, reserved 1048576K
}
Event: 11.366 GC heap after
{Heap after GC invocations=6 (full 0):
 garbage-first heap   total 401408K, used 85765K [0x000000070bc00000, 0x0000000800000000)
  region size 2048K, 5 young (10240K), 5 survivors (10240K)
 Metaspace       used 16362K, committed 16576K, reserved 1114112K
  class space    used 1581K, committed 1664K, reserved 1048576K
}
Event: 11.527 GC heap before
{Heap before GC invocations=6 (full 0):
 garbage-first heap   total 401408K, used 253701K [0x000000070bc00000, 0x0000000800000000)
  region size 2048K, 87 young (178176K), 5 survivors (10240K)
 Metaspace       used 16362K, committed 16576K, reserved 1114112K
  class space    used 1581K, committed 1664K, reserved 1048576K
}
Event: 11.530 GC heap after
{Heap after GC invocations=7 (full 0):
 garbage-first heap   total 401408K, used 90080K [0x000000070bc00000, 0x0000000800000000)
  region size 2048K, 7 young (14336K), 7 survivors (14336K)
 Metaspace       used 16362K, committed 16576K, reserved 1114112K
  class space    used 1581K, committed 1664K, reserved 1048576K
}
Event: 11.640 GC heap before
{Heap before GC invocations=7 (full 0):
 garbage-first heap   total 401408K, used 301024K [0x000000070bc00000, 0x0000000800000000)
  region size 2048K, 109 young (223232K), 7 survivors (14336K)
 Metaspace       used 16395K, committed 16640K, reserved 1114112K
  class space    used 1582K, committed 1664K, reserved 1048576K
}
Event: 11.647 GC heap after
{Heap after GC invocations=8 (full 0):
 garbage-first heap   total 401408K, used 99797K [0x000000070bc00000, 0x0000000800000000)
  region size 2048K, 10 young (20480K), 10 survivors (20480K)
 Metaspace       used 16395K, committed 16640K, reserved 1114112K
  class space    used 1582K, committed 1664K, reserved 1048576K
}
Event: 11.750 GC heap before
{Heap before GC invocations=8 (full 0):
 garbage-first heap   total 401408K, used 314837K [0x000000070bc00000, 0x0000000800000000)
  region size 2048K, 111 young (227328K), 10 survivors (20480K)
 Metaspace       used 16395K, committed 16640K, reserved 1114112K
  class space    used 1582K, committed 1664K, reserved 1048576K
}
Event: 11.761 GC heap after
{Heap after GC invocations=9 (full 0):
 garbage-first heap   total 401408K, used 115932K [0x000000070bc00000, 0x0000000800000000)
  region size 2048K, 12 young (24576K), 12 survivors (24576K)
 Metaspace       used 16395K, committed 16640K, reserved 1114112K
  class space    used 1582K, committed 1664K, reserved 1048576K
}

