# JRE version: Java(TM) SE Runtime Environment (18.0.2.1+1) (build 18.0.2.1+1-1)
# Java VM: Java HotSpot(TM) 64-Bit Server VM (18.0.2.1+1-1, mixed mode, sharing, tiered, compressed oops, compressed class ptrs, g1 gc, windows-amd64)
GC Precious Log:
 CardTable entry size: 512
 Card Set container configuration: InlinePtr #cards 4 size 8 Array Of Cards #cards 16 size 48 Howl #buckets 8 coarsen threshold 3686 Howl Bitmap #cards 512 size 80 coarsen threshold 460 Card regions per heap region 1 cards per card region 4096
 CPUs: 16 total, 16 available
 Memory: 15629M
 Large Page Support: Disabled
 NUMA Support: Disabled
 Compressed Oops: Enabled (Zero based)
 Heap Region Size: 2M
 Heap Min Capacity: 8M
 Heap Initial Capacity: 246M
 Heap Max Capacity: 3908M
 Pre-touch: Disabled
 Parallel Workers: 13
 Concurrent Workers: 3
 Concurrent Refinement Workers: 13
 Periodic GC: Disabled
Heap:
 garbage-first heap   total 436224K, used 307915K [0x000000070bc00000, 0x0000000800000000)
  region size 2048K, 101 young (206848K), 13 survivors (26624K)
 Metaspace       used 16433K, committed 16640K, reserved 1114112K
  class space    used 1601K, committed 1664K, reserved 1048576K
GC Heap History (18 events):
Event: 6.355 GC heap before
{Heap before GC invocations=0 (full 0):
 garbage-first heap   total 251904K, used 22528K [0x000000070bc00000, 0x0000000800000000)
  region size 2048K, 11 young (22528K), 0 survivors (0K)
 Metaspace       used 14082K, committed 14336K, reserved 1114112K
  class space    used 1507K, committed 1600K, reserved 1048576K
}
Event: 6.361 GC heap after
{Heap after GC invocations=1 (full 0):
 garbage-first heap   total 251904K, used 4131K [0x000000070bc00000, 0x0000000800000000)
  region size 2048K, 2 young (4096K), 2 survivors (4096K)
 Metaspace       used 14082K, committed 14336K, reserved 1114112K
  class space    used 1507K, committed 1600K, reserved 1048576K
}
Event: 6.679 GC heap before
{Heap before GC invocations=1 (full 0):
 garbage-first heap   total 251904K, used 34851K [0x000000070bc00000, 0x0000000800000000)
  region size 2048K, 17 young (34816K), 2 survivors (4096K)
 Metaspace       used 16004K, committed 16192K, reserved 1114112K
  class space    used 1566K, committed 1664K, reserved 1048576K
}
Event: 6.696 GC heap after
{Heap after GC invocations=2 (full 0):
 garbage-first heap   total 251904K, used 29098K [0x000000070bc00000, 0x0000000800000000)
  region size 2048K, 3 young (6144K), 3 survivors (6144K)
 Metaspace       used 16004K, committed 16192K, reserved 1114112K
  class space    used 1566K, committed 1664K, reserved 1048576K
}
Event: 6.803 GC heap before
{Heap before GC invocations=2 (full 0):
 garbage-first heap   total 251904K, used 84394K [0x000000070bc00000, 0x0000000800000000)
  region size 2048K, 26 young (53248K), 3 survivors (6144K)
 Metaspace       used 16049K, committed 16256K, reserved 1114112K
  class space    used 1567K, committed 1664K, reserved 1048576K
}
Event: 6.820 GC heap after
{Heap after GC invocations=3 (full 0):
 garbage-first heap   total 251904K, used 72641K [0x000000070bc00000, 0x0000000800000000)
  region size 2048K, 4 young (8192K), 4 survivors (8192K)
 Metaspace       used 16049K, committed 16256K, reserved 1114112K
  class space    used 1567K, committed 1664K, reserved 1048576K
}
Event: 6.904 GC heap before
{Heap before GC invocations=3 (full 0):
 garbage-first heap   total 251904K, used 107457K [0x000000070bc00000, 0x0000000800000000)
  region size 2048K, 21 young (43008K), 4 survivors (8192K)
 Metaspace       used 16049K, committed 16256K, reserved 1114112K
  class space    used 1567K, committed 1664K, reserved 1048576K
}
Event: 6.909 GC heap after
{Heap after GC invocations=4 (full 0):
 garbage-first heap   total 251904K, used 76396K [0x000000070bc00000, 0x0000000800000000)
  region size 2048K, 1 young (2048K), 1 survivors (2048K)
 Metaspace       used 16049K, committed 16256K, reserved 1114112K
  class space    used 1567K, committed 1664K, reserved 1048576K
}
Event: 6.982 GC heap before
{Heap before GC invocations=4 (full 0):
 garbage-first heap   total 251904K, used 129644K [0x000000070bc00000, 0x0000000800000000)
  region size 2048K, 27 young (55296K), 1 survivors (2048K)
 Metaspace       used 16054K, committed 16256K, reserved 1114112K
  class space    used 1567K, committed 1664K, reserved 1048576K
}
Event: 6.984 GC heap after
{Heap after GC invocations=5 (full 0):
 garbage-first heap   total 251904K, used 76940K [0x000000070bc00000, 0x0000000800000000)
  region size 2048K, 2 young (4096K), 2 survivors (4096K)
 Metaspace       used 16054K, committed 16256K, reserved 1114112K
  class space    used 1567K, committed 1664K, reserved 1048576K
}
Event: 7.089 GC heap before
{Heap before GC invocations=5 (full 0):
 garbage-first heap   total 251904K, used 165004K [0x000000070bc00000, 0x0000000800000000)
  region size 2048K, 45 young (92160K), 2 survivors (4096K)
 Metaspace       used 16057K, committed 16256K, reserved 1114112K
  class space    used 1568K, committed 1664K, reserved 1048576K
}
Event: 7.093 GC heap after
{Heap after GC invocations=6 (full 0):
 garbage-first heap   total 436224K, used 78739K [0x000000070bc00000, 0x0000000800000000)
  region size 2048K, 2 young (4096K), 2 survivors (4096K)
 Metaspace       used 16057K, committed 16256K, reserved 1114112K
  class space    used 1568K, committed 1664K, reserved 1048576K
}
Event: 7.292 GC heap before
{Heap before GC invocations=6 (full 0):
 garbage-first heap   total 436224K, used 328595K [0x000000070bc00000, 0x0000000800000000)
  region size 2048K, 124 young (253952K), 2 survivors (4096K)
 Metaspace       used 16057K, committed 16256K, reserved 1114112K
  class space    used 1568K, committed 1664K, reserved 1048576K
}
Event: 7.295 GC heap after
{Heap after GC invocations=7 (full 0):
 garbage-first heap   total 436224K, used 84792K [0x000000070bc00000, 0x0000000800000000)
  region size 2048K, 5 young (10240K), 5 survivors (10240K)
 Metaspace       used 16057K, committed 16256K, reserved 1114112K
  class space    used 1568K, committed 1664K, reserved 1048576K
}
Event: 7.444 GC heap before
{Heap before GC invocations=7 (full 0):
 garbage-first heap   total 436224K, used 334648K [0x000000070bc00000, 0x0000000800000000)
  region size 2048K, 127 young (260096K), 5 survivors (10240K)
 Metaspace       used 16094K, committed 16320K, reserved 1114112K
  class space    used 1570K, committed 1664K, reserved 1048576K
}
Event: 7.450 GC heap after
{Heap after GC invocations=8 (full 0):
 garbage-first heap   total 436224K, used 93350K [0x000000070bc00000, 0x0000000800000000)
  region size 2048K, 10 young (20480K), 10 survivors (20480K)
 Metaspace       used 16094K, committed 16320K, reserved 1114112K
  class space    used 1570K, committed 1664K, reserved 1048576K
}
Event: 7.598 GC heap before
{Heap before GC invocations=8 (full 0):
 garbage-first heap   total 436224K, used 339110K [0x000000070bc00000, 0x0000000800000000)
  region size 2048K, 127 young (260096K), 10 survivors (20480K)
 Metaspace       used 16094K, committed 16320K, reserved 1114112K
  class space    used 1570K, committed 1664K, reserved 1048576K
}
Event: 7.611 GC heap after
{Heap after GC invocations=9 (full 0):
 garbage-first heap   total 436224K, used 107211K [0x000000070bc00000, 0x0000000800000000)
  region size 2048K, 13 young (26624K), 13 survivors (26624K)
 Metaspace       used 16094K, committed 16320K, reserved 1114112K
  class space    used 1570K, committed 1664K, reserved 1048576K
}

